  main.cpp
D:\учеба\ООП\Bee hive\Bee.h(123,58): warning C4244: аргумент: преобразование "unsigned int" в "T", возможна потеря данных
          with
          [
              T=float
          ]
D:\учеба\ООП\Bee hive\Bee.h(123,38): warning C4244: аргумент: преобразование "unsigned int" в "T", возможна потеря данных
          with
          [
              T=float
          ]
D:\учеба\ООП\Bee hive\Bee.h(127,44): warning C4244: аргумент: преобразование "int" в "float", возможна потеря данных
D:\учеба\ООП\Bee hive\Bee.h(127,36): warning C4244: аргумент: преобразование "int" в "float", возможна потеря данных
D:\учеба\ООП\Bee hive\Bee.h(162,58): warning C4244: аргумент: преобразование "unsigned int" в "T", возможна потеря данных
          with
          [
              T=float
          ]
D:\учеба\ООП\Bee hive\Bee.h(162,38): warning C4244: аргумент: преобразование "unsigned int" в "T", возможна потеря данных
          with
          [
              T=float
          ]
D:\учеба\ООП\Bee hive\Bee.h(166,48): warning C4244: аргумент: преобразование "int" в "float", возможна потеря данных
D:\учеба\ООП\Bee hive\Bee.h(166,37): warning C4244: аргумент: преобразование "int" в "float", возможна потеря данных
D:\учеба\ООП\Bee hive\Bee.h(237,58): warning C4244: аргумент: преобразование "unsigned int" в "T", возможна потеря данных
          with
          [
              T=float
          ]
D:\учеба\ООП\Bee hive\Bee.h(237,38): warning C4244: аргумент: преобразование "unsigned int" в "T", возможна потеря данных
          with
          [
              T=float
          ]
D:\учеба\ООП\Bee hive\Bee.h(241,48): warning C4244: аргумент: преобразование "int" в "float", возможна потеря данных
D:\учеба\ООП\Bee hive\Bee.h(241,37): warning C4244: аргумент: преобразование "int" в "float", возможна потеря данных
D:\учеба\ООП\Bee hive\Bee.h(311,58): warning C4244: аргумент: преобразование "unsigned int" в "T", возможна потеря данных
          with
          [
              T=float
          ]
D:\учеба\ООП\Bee hive\Bee.h(311,38): warning C4244: аргумент: преобразование "unsigned int" в "T", возможна потеря данных
          with
          [
              T=float
          ]
D:\учеба\ООП\Bee hive\Bee.h(315,48): warning C4244: аргумент: преобразование "int" в "float", возможна потеря данных
D:\учеба\ООП\Bee hive\Bee.h(315,37): warning C4244: аргумент: преобразование "int" в "float", возможна потеря данных
D:\учеба\ООП\Bee hive\Bee.h(386,58): warning C4244: аргумент: преобразование "unsigned int" в "T", возможна потеря данных
          with
          [
              T=float
          ]
D:\учеба\ООП\Bee hive\Bee.h(386,38): warning C4244: аргумент: преобразование "unsigned int" в "T", возможна потеря данных
          with
          [
              T=float
          ]
D:\учеба\ООП\Bee hive\Bee.h(390,48): warning C4244: аргумент: преобразование "int" в "float", возможна потеря данных
D:\учеба\ООП\Bee hive\Bee.h(390,37): warning C4244: аргумент: преобразование "int" в "float", возможна потеря данных
D:\учеба\ООП\Bee hive\Bee.h(459,58): warning C4244: аргумент: преобразование "unsigned int" в "T", возможна потеря данных
          with
          [
              T=float
          ]
D:\учеба\ООП\Bee hive\Bee.h(459,38): warning C4244: аргумент: преобразование "unsigned int" в "T", возможна потеря данных
          with
          [
              T=float
          ]
D:\учеба\ООП\Bee hive\Bee.h(463,48): warning C4244: аргумент: преобразование "int" в "float", возможна потеря данных
D:\учеба\ООП\Bee hive\Bee.h(463,37): warning C4244: аргумент: преобразование "int" в "float", возможна потеря данных
D:\учеба\ООП\Bee hive\Game.h(1,13): warning C4081: требуется "newline"; обнаружен "."
D:\учеба\ООП\Bee hive\Game.h(384,15): warning C4101: k: неиспользованная локальная переменная
D:\учеба\ООП\Bee hive\main.cpp(51,12): warning C4244: аргумент: преобразование "time_t" в "unsigned int", возможна потеря данных
D:\учеба\ООП\Bee hive\main.cpp(86,58): warning C4244: аргумент: преобразование "unsigned int" в "T", возможна потеря данных
          with
          [
              T=float
          ]
D:\учеба\ООП\Bee hive\main.cpp(86,36): warning C4244: аргумент: преобразование "unsigned int" в "T", возможна потеря данных
          with
          [
              T=float
          ]
D:\учеба\ООП\Bee hive\main.cpp(87,56): warning C4244: аргумент: преобразование "unsigned int" в "T", возможна потеря данных
          with
          [
              T=float
          ]
D:\учеба\ООП\Bee hive\main.cpp(87,36): warning C4244: аргумент: преобразование "unsigned int" в "T", возможна потеря данных
          with
          [
              T=float
          ]
D:\учеба\ООП\Bee hive\main.cpp(88,55): warning C4244: аргумент: преобразование "unsigned int" в "T", возможна потеря данных
          with
          [
              T=float
          ]
D:\учеба\ООП\Bee hive\main.cpp(88,35): warning C4244: аргумент: преобразование "unsigned int" в "T", возможна потеря данных
          with
          [
              T=float
          ]
D:\учеба\ООП\Bee hive\main.cpp(89,60): warning C4244: аргумент: преобразование "unsigned int" в "T", возможна потеря данных
          with
          [
              T=float
          ]
D:\учеба\ООП\Bee hive\main.cpp(89,41): warning C4244: аргумент: преобразование "unsigned int" в "T", возможна потеря данных
          with
          [
              T=float
          ]
D:\учеба\ООП\Bee hive\main.cpp(91,45): warning C4244: аргумент: преобразование "unsigned int" в "float", возможна потеря данных
D:\учеба\ООП\Bee hive\main.cpp(93,78): warning C4244: аргумент: преобразование "unsigned int" в "float", возможна потеря данных
D:\учеба\ООП\Bee hive\main.cpp(93,41): warning C4244: аргумент: преобразование "unsigned int" в "float", возможна потеря данных
D:\учеба\ООП\Bee hive\main.cpp(110,40): warning C4244: аргумент: преобразование "unsigned int" в "float", возможна потеря данных
D:\учеба\ООП\Bee hive\main.cpp(125,48): warning C4244: аргумент: преобразование "unsigned int" в "T", возможна потеря данных
          with
          [
              T=float
          ]
D:\учеба\ООП\Bee hive\main.cpp(125,33): warning C4244: аргумент: преобразование "unsigned int" в "T", возможна потеря данных
          with
          [
              T=float
          ]
D:\учеба\ООП\Bee hive\main.cpp(126,58): warning C4244: аргумент: преобразование "unsigned int" в "T", возможна потеря данных
          with
          [
              T=float
          ]
D:\учеба\ООП\Bee hive\main.cpp(126,39): warning C4244: аргумент: преобразование "unsigned int" в "T", возможна потеря данных
          with
          [
              T=float
          ]
D:\учеба\ООП\Bee hive\main.cpp(179,22): warning C4018: >=: несоответствие типов со знаком и без знака
D:\учеба\ООП\Bee hive\main.cpp(179,78): warning C4018: <: несоответствие типов со знаком и без знака
D:\учеба\ООП\Bee hive\main.cpp(284,26): warning C4018: >=: несоответствие типов со знаком и без знака
D:\учеба\ООП\Bee hive\main.cpp(284,61): warning C4018: <: несоответствие типов со знаком и без знака
D:\учеба\ООП\Bee hive\main.cpp(285,27): warning C4018: >: несоответствие типов со знаком и без знака
D:\учеба\ООП\Bee hive\main.cpp(285,81): warning C4018: <: несоответствие типов со знаком и без знака
D:\учеба\ООП\Bee hive\main.cpp(320,23): warning C4018: <: несоответствие типов со знаком и без знака
D:\учеба\ООП\Bee hive\main.cpp(320,58): warning C4018: >: несоответствие типов со знаком и без знака
D:\учеба\ООП\Bee hive\main.cpp(322,23): warning C4018: >: несоответствие типов со знаком и без знака
D:\учеба\ООП\Bee hive\main.cpp(322,74): warning C4018: >: несоответствие типов со знаком и без знака
D:\учеба\ООП\Bee hive\main.cpp(324,23): warning C4018: <: несоответствие типов со знаком и без знака
D:\учеба\ООП\Bee hive\main.cpp(324,58): warning C4018: <: несоответствие типов со знаком и без знака
D:\учеба\ООП\Bee hive\main.cpp(347,84): warning C4244: аргумент: преобразование "double" в "float", возможна потеря данных
D:\учеба\ООП\Bee hive\main.cpp(347,47): warning C4244: аргумент: преобразование "unsigned int" в "float", возможна потеря данных
D:\учеба\ООП\Bee hive\main.cpp(414,84): warning C4244: аргумент: преобразование "unsigned int" в "float", возможна потеря данных
D:\учеба\ООП\Bee hive\main.cpp(414,47): warning C4244: аргумент: преобразование "unsigned int" в "float", возможна потеря данных
D:\учеба\ООП\Bee hive\main.cpp(418,84): warning C4244: аргумент: преобразование "unsigned int" в "float", возможна потеря данных
D:\учеба\ООП\Bee hive\main.cpp(418,47): warning C4244: аргумент: преобразование "unsigned int" в "float", возможна потеря данных
D:\учеба\ООП\Bee hive\main.cpp(421,87): warning C4244: аргумент: преобразование "unsigned int" в "float", возможна потеря данных
D:\учеба\ООП\Bee hive\main.cpp(421,29): warning C4244: аргумент: преобразование "unsigned int" в "float", возможна потеря данных
D:\учеба\ООП\Bee hive\main.cpp(424,133): warning C4244: аргумент: преобразование "unsigned int" в "float", возможна потеря данных
D:\учеба\ООП\Bee hive\main.cpp(424,74): warning C4244: аргумент: преобразование "unsigned int" в "float", возможна потеря данных
D:\учеба\ООП\Bee hive\main.cpp(426,132): warning C4244: аргумент: преобразование "unsigned int" в "float", возможна потеря данных
D:\учеба\ООП\Bee hive\main.cpp(426,74): warning C4244: аргумент: преобразование "unsigned int" в "float", возможна потеря данных
D:\учеба\ООП\Bee hive\main.cpp(453,94): warning C4244: аргумент: преобразование "int" в "float", возможна потеря данных
D:\учеба\ООП\Bee hive\main.cpp(453,57): warning C4244: аргумент: преобразование "int" в "float", возможна потеря данных
D:\учеба\ООП\Bee hive\main.cpp(505,45): warning C4244: аргумент: преобразование "unsigned int" в "float", возможна потеря данных
D:\учеба\ООП\Bee hive\main.cpp(507,46): warning C4244: аргумент: преобразование "unsigned int" в "float", возможна потеря данных
D:\учеба\ООП\Bee hive\main.cpp(509,37): warning C4244: аргумент: преобразование "unsigned int" в "float", возможна потеря данных
D:\учеба\ООП\Bee hive\main.cpp(513,37): warning C4244: аргумент: преобразование "unsigned int" в "float", возможна потеря данных
D:\учеба\ООП\Bee hive\main.cpp(137,31): warning C4101: a: неиспользованная локальная переменная
  Bee hive.vcxproj -> D:\учеба\ООП\Bee hive\x64\Debug\Bee hive.exe
