  main.cpp
D:\учеба\ООП\Bee hive\Bee.h(123,58): warning C4244: аргумент: преобразование "unsigned int" в "T", возможна потеря данных
          with
          [
              T=float
          ]
D:\учеба\ООП\Bee hive\Bee.h(123,38): warning C4244: аргумент: преобразование "unsigned int" в "T", возможна потеря данных
          with
          [
              T=float
          ]
D:\учеба\ООП\Bee hive\Bee.h(127,44): warning C4244: аргумент: преобразование "int" в "float", возможна потеря данных
D:\учеба\ООП\Bee hive\Bee.h(127,36): warning C4244: аргумент: преобразование "int" в "float", возможна потеря данных
D:\учеба\ООП\Bee hive\Bee.h(162,58): warning C4244: аргумент: преобразование "unsigned int" в "T", возможна потеря данных
          with
          [
              T=float
          ]
D:\учеба\ООП\Bee hive\Bee.h(162,38): warning C4244: аргумент: преобразование "unsigned int" в "T", возможна потеря данных
          with
          [
              T=float
          ]
D:\учеба\ООП\Bee hive\Bee.h(166,48): warning C4244: аргумент: преобразование "int" в "float", возможна потеря данных
D:\учеба\ООП\Bee hive\Bee.h(166,37): warning C4244: аргумент: преобразование "int" в "float", возможна потеря данных
D:\учеба\ООП\Bee hive\Bee.h(237,58): warning C4244: аргумент: преобразование "unsigned int" в "T", возможна потеря данных
          with
          [
              T=float
          ]
D:\учеба\ООП\Bee hive\Bee.h(237,38): warning C4244: аргумент: преобразование "unsigned int" в "T", возможна потеря данных
          with
          [
              T=float
          ]
D:\учеба\ООП\Bee hive\Bee.h(241,48): warning C4244: аргумент: преобразование "int" в "float", возможна потеря данных
D:\учеба\ООП\Bee hive\Bee.h(241,37): warning C4244: аргумент: преобразование "int" в "float", возможна потеря данных
D:\учеба\ООП\Bee hive\Bee.h(311,58): warning C4244: аргумент: преобразование "unsigned int" в "T", возможна потеря данных
          with
          [
              T=float
          ]
D:\учеба\ООП\Bee hive\Bee.h(311,38): warning C4244: аргумент: преобразование "unsigned int" в "T", возможна потеря данных
          with
          [
              T=float
          ]
D:\учеба\ООП\Bee hive\Bee.h(315,48): warning C4244: аргумент: преобразование "int" в "float", возможна потеря данных
D:\учеба\ООП\Bee hive\Bee.h(315,37): warning C4244: аргумент: преобразование "int" в "float", возможна потеря данных
D:\учеба\ООП\Bee hive\Bee.h(386,58): warning C4244: аргумент: преобразование "unsigned int" в "T", возможна потеря данных
          with
          [
              T=float
          ]
D:\учеба\ООП\Bee hive\Bee.h(386,38): warning C4244: аргумент: преобразование "unsigned int" в "T", возможна потеря данных
          with
          [
              T=float
          ]
D:\учеба\ООП\Bee hive\Bee.h(390,48): warning C4244: аргумент: преобразование "int" в "float", возможна потеря данных
D:\учеба\ООП\Bee hive\Bee.h(390,37): warning C4244: аргумент: преобразование "int" в "float", возможна потеря данных
D:\учеба\ООП\Bee hive\Bee.h(459,58): warning C4244: аргумент: преобразование "unsigned int" в "T", возможна потеря данных
          with
          [
              T=float
          ]
D:\учеба\ООП\Bee hive\Bee.h(459,38): warning C4244: аргумент: преобразование "unsigned int" в "T", возможна потеря данных
          with
          [
              T=float
          ]
D:\учеба\ООП\Bee hive\Bee.h(463,48): warning C4244: аргумент: преобразование "int" в "float", возможна потеря данных
D:\учеба\ООП\Bee hive\Bee.h(463,37): warning C4244: аргумент: преобразование "int" в "float", возможна потеря данных
D:\учеба\ООП\Bee hive\Game.h(1,13): warning C4081: требуется "newline"; обнаружен "."
D:\учеба\ООП\Bee hive\Game.h(384,15): warning C4101: k: неиспользованная локальная переменная
D:\учеба\ООП\Bee hive\main.cpp(49,12): warning C4244: аргумент: преобразование "time_t" в "unsigned int", возможна потеря данных
D:\учеба\ООП\Bee hive\main.cpp(84,58): warning C4244: аргумент: преобразование "unsigned int" в "T", возможна потеря данных
          with
          [
              T=float
          ]
D:\учеба\ООП\Bee hive\main.cpp(84,36): warning C4244: аргумент: преобразование "unsigned int" в "T", возможна потеря данных
          with
          [
              T=float
          ]
D:\учеба\ООП\Bee hive\main.cpp(85,56): warning C4244: аргумент: преобразование "unsigned int" в "T", возможна потеря данных
          with
          [
              T=float
          ]
D:\учеба\ООП\Bee hive\main.cpp(85,36): warning C4244: аргумент: преобразование "unsigned int" в "T", возможна потеря данных
          with
          [
              T=float
          ]
D:\учеба\ООП\Bee hive\main.cpp(86,55): warning C4244: аргумент: преобразование "unsigned int" в "T", возможна потеря данных
          with
          [
              T=float
          ]
D:\учеба\ООП\Bee hive\main.cpp(86,35): warning C4244: аргумент: преобразование "unsigned int" в "T", возможна потеря данных
          with
          [
              T=float
          ]
D:\учеба\ООП\Bee hive\main.cpp(87,60): warning C4244: аргумент: преобразование "unsigned int" в "T", возможна потеря данных
          with
          [
              T=float
          ]
D:\учеба\ООП\Bee hive\main.cpp(87,41): warning C4244: аргумент: преобразование "unsigned int" в "T", возможна потеря данных
          with
          [
              T=float
          ]
D:\учеба\ООП\Bee hive\main.cpp(89,45): warning C4244: аргумент: преобразование "unsigned int" в "float", возможна потеря данных
D:\учеба\ООП\Bee hive\main.cpp(91,78): warning C4244: аргумент: преобразование "unsigned int" в "float", возможна потеря данных
D:\учеба\ООП\Bee hive\main.cpp(91,41): warning C4244: аргумент: преобразование "unsigned int" в "float", возможна потеря данных
D:\учеба\ООП\Bee hive\main.cpp(108,40): warning C4244: аргумент: преобразование "unsigned int" в "float", возможна потеря данных
D:\учеба\ООП\Bee hive\main.cpp(123,48): warning C4244: аргумент: преобразование "unsigned int" в "T", возможна потеря данных
          with
          [
              T=float
          ]
D:\учеба\ООП\Bee hive\main.cpp(123,33): warning C4244: аргумент: преобразование "unsigned int" в "T", возможна потеря данных
          with
          [
              T=float
          ]
D:\учеба\ООП\Bee hive\main.cpp(124,58): warning C4244: аргумент: преобразование "unsigned int" в "T", возможна потеря данных
          with
          [
              T=float
          ]
D:\учеба\ООП\Bee hive\main.cpp(124,39): warning C4244: аргумент: преобразование "unsigned int" в "T", возможна потеря данных
          with
          [
              T=float
          ]
D:\учеба\ООП\Bee hive\main.cpp(177,22): warning C4018: >=: несоответствие типов со знаком и без знака
D:\учеба\ООП\Bee hive\main.cpp(177,78): warning C4018: <: несоответствие типов со знаком и без знака
D:\учеба\ООП\Bee hive\main.cpp(262,26): warning C4018: >=: несоответствие типов со знаком и без знака
D:\учеба\ООП\Bee hive\main.cpp(262,61): warning C4018: <: несоответствие типов со знаком и без знака
D:\учеба\ООП\Bee hive\main.cpp(263,27): warning C4018: >: несоответствие типов со знаком и без знака
D:\учеба\ООП\Bee hive\main.cpp(263,81): warning C4018: <: несоответствие типов со знаком и без знака
D:\учеба\ООП\Bee hive\main.cpp(298,23): warning C4018: <: несоответствие типов со знаком и без знака
D:\учеба\ООП\Bee hive\main.cpp(298,58): warning C4018: >: несоответствие типов со знаком и без знака
D:\учеба\ООП\Bee hive\main.cpp(300,23): warning C4018: >: несоответствие типов со знаком и без знака
D:\учеба\ООП\Bee hive\main.cpp(300,74): warning C4018: >: несоответствие типов со знаком и без знака
D:\учеба\ООП\Bee hive\main.cpp(302,23): warning C4018: <: несоответствие типов со знаком и без знака
D:\учеба\ООП\Bee hive\main.cpp(302,58): warning C4018: <: несоответствие типов со знаком и без знака
D:\учеба\ООП\Bee hive\main.cpp(325,84): warning C4244: аргумент: преобразование "double" в "float", возможна потеря данных
D:\учеба\ООП\Bee hive\main.cpp(325,47): warning C4244: аргумент: преобразование "unsigned int" в "float", возможна потеря данных
D:\учеба\ООП\Bee hive\main.cpp(392,84): warning C4244: аргумент: преобразование "unsigned int" в "float", возможна потеря данных
D:\учеба\ООП\Bee hive\main.cpp(392,47): warning C4244: аргумент: преобразование "unsigned int" в "float", возможна потеря данных
D:\учеба\ООП\Bee hive\main.cpp(396,84): warning C4244: аргумент: преобразование "unsigned int" в "float", возможна потеря данных
D:\учеба\ООП\Bee hive\main.cpp(396,47): warning C4244: аргумент: преобразование "unsigned int" в "float", возможна потеря данных
D:\учеба\ООП\Bee hive\main.cpp(399,87): warning C4244: аргумент: преобразование "unsigned int" в "float", возможна потеря данных
D:\учеба\ООП\Bee hive\main.cpp(399,29): warning C4244: аргумент: преобразование "unsigned int" в "float", возможна потеря данных
D:\учеба\ООП\Bee hive\main.cpp(402,133): warning C4244: аргумент: преобразование "unsigned int" в "float", возможна потеря данных
D:\учеба\ООП\Bee hive\main.cpp(402,74): warning C4244: аргумент: преобразование "unsigned int" в "float", возможна потеря данных
D:\учеба\ООП\Bee hive\main.cpp(404,132): warning C4244: аргумент: преобразование "unsigned int" в "float", возможна потеря данных
D:\учеба\ООП\Bee hive\main.cpp(404,74): warning C4244: аргумент: преобразование "unsigned int" в "float", возможна потеря данных
D:\учеба\ООП\Bee hive\main.cpp(430,94): warning C4244: аргумент: преобразование "int" в "float", возможна потеря данных
D:\учеба\ООП\Bee hive\main.cpp(430,57): warning C4244: аргумент: преобразование "int" в "float", возможна потеря данных
D:\учеба\ООП\Bee hive\main.cpp(481,45): warning C4244: аргумент: преобразование "unsigned int" в "float", возможна потеря данных
D:\учеба\ООП\Bee hive\main.cpp(483,46): warning C4244: аргумент: преобразование "unsigned int" в "float", возможна потеря данных
D:\учеба\ООП\Bee hive\main.cpp(485,37): warning C4244: аргумент: преобразование "unsigned int" в "float", возможна потеря данных
D:\учеба\ООП\Bee hive\main.cpp(489,37): warning C4244: аргумент: преобразование "unsigned int" в "float", возможна потеря данных
D:\учеба\ООП\Bee hive\main.cpp(135,31): warning C4101: a: неиспользованная локальная переменная
  Bee hive.vcxproj -> D:\учеба\ООП\Bee hive\x64\Debug\Bee hive.exe
